<?xml version="1.0" encoding="UTF-8"?>
<!-- Generated by org.testng.reporters.JUnitReportReporter -->
<testsuite skipped="0" hostname="jiangtaodeMacBook-Pro.local" name="com.jt.qa.TestThress" tests="1" failures="0" timestamp="01 一月 2020 12:53:28 GMT" time="0.000" errors="0">
  <testcase name="testThreeOne" time="0.000" classname="com.jt.qa.TestThress"/>
</testsuite> <!-- com.jt.qa.TestThress -->
