<?xml version="1.0" encoding="UTF-8"?>
<!-- Generated by org.testng.reporters.JUnitReportReporter -->
<testsuite skipped="0" hostname="jiangtaodeMacBook-Pro.local" name="com.jt.qa.TestParameter" tests="1" failures="0" timestamp="01 一月 2020 15:12:15 GMT" time="0.006" errors="0">
  <testcase name="testPara" time="0.006" classname="com.jt.qa.TestParameter"/>
</testsuite> <!-- com.jt.qa.TestParameter -->
