<?xml version="1.0" encoding="UTF-8"?>
<!-- Generated by org.testng.reporters.JUnitReportReporter -->
<testsuite skipped="0" hostname="jiangtaodeMacBook-Pro.local" name="com.jt.qa.TestTwo" tests="2" failures="0" timestamp="01 一月 2020 12:53:28 GMT" time="0.000" errors="0">
  <testcase name="testTwoTWO" time="0.000" classname="com.jt.qa.TestTwo"/>
  <testcase name="testTwoOne" time="0.000" classname="com.jt.qa.TestTwo"/>
</testsuite> <!-- com.jt.qa.TestTwo -->
